\BOOKMARK [0][-]{chapter.1}{Introducci\363n}{}% 1
\BOOKMARK [1][-]{section.1.1}{Presentaci\363n}{chapter.1}% 2
\BOOKMARK [1][-]{section.1.2}{Alcance del documento}{chapter.1}% 3
\BOOKMARK [1][-]{section.1.3}{Organizaci\363n del documento}{chapter.1}% 4
\BOOKMARK [1][-]{section.1.4}{Notaci\363n utilizada en el documento}{chapter.1}% 5
\BOOKMARK [0][-]{chapter.2}{An\341lisis del Problema}{}% 6
\BOOKMARK [1][-]{section.2.1}{Contexto}{chapter.2}% 7
\BOOKMARK [1][-]{section.2.2}{Descomposici\363n del Problema}{chapter.2}% 8
\BOOKMARK [1][-]{section.2.3}{Soluci\363n Propuesta}{chapter.2}% 9
\BOOKMARK [0][-]{chapter.3}{Planteamiento del Problema}{}% 10
\BOOKMARK [1][-]{section.3.1}{Objetivo}{chapter.3}% 11
\BOOKMARK [0][-]{chapter.4}{Requerimientos del sistema}{}% 12
\BOOKMARK [0][-]{chapter.5}{Casos de Uso}{}% 13
\BOOKMARK [1][-]{section.5.1}{Casos de Uso}{chapter.5}% 14
\BOOKMARK [2][-]{subsection.5.1.1}{Modelo de comportamiento del m\363dulo: Consulta de Salones }{section.5.1}% 15
\BOOKMARK [1][-]{section.5.2}{CUSM-01 Consultar Asignaci\363n de Grupo}{chapter.5}% 16
\BOOKMARK [2][-]{subsection.5.2.1}{Resumen}{section.5.2}% 17
\BOOKMARK [2][-]{subsection.5.2.2}{Descripci\363n}{section.5.2}% 18
\BOOKMARK [2][-]{subsection.5.2.3}{Trayectorias del caso de uso}{section.5.2}% 19
\BOOKMARK [1][-]{section.5.3}{CUSM-02 Consultar Nivel de Sal\363n}{chapter.5}% 20
\BOOKMARK [2][-]{subsection.5.3.1}{Resumen}{section.5.3}% 21
\BOOKMARK [2][-]{subsection.5.3.2}{Descripci\363n}{section.5.3}% 22
\BOOKMARK [2][-]{subsection.5.3.3}{Trayectorias del caso de uso}{section.5.3}% 23
\BOOKMARK [1][-]{section.5.4}{CUMS-03 Consultar Edificio de Sal\363n}{chapter.5}% 24
\BOOKMARK [2][-]{subsection.5.4.1}{Resumen}{section.5.4}% 25
\BOOKMARK [2][-]{subsection.5.4.2}{Descripci\363n}{section.5.4}% 26
\BOOKMARK [2][-]{subsection.5.4.3}{Trayectorias del caso de uso}{section.5.4}% 27
\BOOKMARK [2][-]{subsection.5.4.4}{Modelo de comportamiento del m\363dulo: Consultar Profesores }{section.5.4}% 28
\BOOKMARK [1][-]{section.5.5}{CUPM-01 Consultar Profesor}{chapter.5}% 29
\BOOKMARK [2][-]{subsection.5.5.1}{Resumen}{section.5.5}% 30
\BOOKMARK [2][-]{subsection.5.5.2}{Descripci\363n}{section.5.5}% 31
\BOOKMARK [2][-]{subsection.5.5.3}{Trayectorias del caso de uso}{section.5.5}% 32
\BOOKMARK [1][-]{section.5.6}{CUPM-02 Consultar Detalle de Profesor}{chapter.5}% 33
\BOOKMARK [2][-]{subsection.5.6.1}{Resumen}{section.5.6}% 34
\BOOKMARK [2][-]{subsection.5.6.2}{Descripci\363n}{section.5.6}% 35
\BOOKMARK [2][-]{subsection.5.6.3}{Trayectorias del caso de uso}{section.5.6}% 36
\BOOKMARK [1][-]{section.5.7}{Modelo de Interacci\363n del M\363dulo Salones}{chapter.5}% 37
\BOOKMARK [2][-]{subsection.5.7.1}{IUPP Pantalla Principal}{section.5.7}% 38
\BOOKMARK [2][-]{subsection.5.7.2}{IUSM-01 Consultar Asignaci\363n de Grupos}{section.5.7}% 39
\BOOKMARK [2][-]{subsection.5.7.3}{IUSM-02 Consultar Nivel de Sal\363n}{section.5.7}% 40
\BOOKMARK [2][-]{subsection.5.7.4}{IUSM-02.1 Consultar Sal\363n}{section.5.7}% 41
\BOOKMARK [2][-]{subsection.5.7.5}{IUSM-03 Consultar Edificio de Sal\363n}{section.5.7}% 42
\BOOKMARK [1][-]{section.5.8}{Modelo de Interacci\363n del M\363dulo Profesores}{chapter.5}% 43
\BOOKMARK [2][-]{subsection.5.8.1}{IUPM-01 Consultar Profesor}{section.5.8}% 44
\BOOKMARK [2][-]{subsection.5.8.2}{IUPM-02 Consultar Detalle de Profesor}{section.5.8}% 45
\BOOKMARK [0][-]{chapter.6}{Modelo Comportamiento}{}% 46
\BOOKMARK [1][-]{section.6.1}{Actores del sistema}{chapter.6}% 47
\BOOKMARK [2][-]{subsection.6.1.1}{Alumno}{section.6.1}% 48
\BOOKMARK [2][-]{subsection.6.1.2}{Visitante}{section.6.1}% 49
\BOOKMARK [1][-]{section.6.2}{Casos de Uso del m\363dulo Conexi\363n iE Web }{chapter.6}% 50
\BOOKMARK [1][-]{section.6.3}{Casos de Uso del m\363dulo de Conexi\363n iE M\363vil}{chapter.6}% 51
\BOOKMARK [0][-]{chapter.7}{Modelo Comportamiento}{}% 52
\BOOKMARK [1][-]{section.7.1}{Actores del sistema}{chapter.7}% 53
\BOOKMARK [2][-]{subsection.7.1.1}{Alumno}{section.7.1}% 54
\BOOKMARK [2][-]{subsection.7.1.2}{Visitante}{section.7.1}% 55
\BOOKMARK [1][-]{section.7.2}{Casos de Uso del m\363dulo Conexi\363n iE Web }{chapter.7}% 56
\BOOKMARK [1][-]{section.7.3}{Casos de Uso del m\363dulo de Conexi\363n iE M\363vil}{chapter.7}% 57
